<?xml version="1.0" encoding="UTF-8" ?>
<testsuite tests="7" failures="0" name="mvnSimpleProj.TestAll" time="0.003" errors="0" skipped="0">
  <properties>
[...]
</properties>
  <testcase classname="mvnSimpleProj.CalculatorTest" name="testDivideByZero" time="0"/>
  <testcase classname="mvnSimpleProj.CalculatorTest" name="testAdd" time="0"/>
  <testcase classname="mvnSimpleProj.CalculatorTest" name="testSubtract" time="0"/>
  <testcase classname="mvnSimpleProj.CalculatorTest" name="testDivide" time="0"/>
  <testcase classname="mvnSimpleProj.CalculatorTest" name="testMultiply" time="0"/>
  <testcase classname="mvnSimpleProj.AppTest" name="testAppMain" time="0.002"/>
  <testcase classname="mvnSimpleProj.AppTest" name="testAppConstructor" time="0.001"/>
</testsuite>